c:\users\민정\desktop\[고소실_4주차실습]1반_20141575_임형석\gososil4\debug\vc140.pdb
c:\users\민정\desktop\[고소실_4주차실습]1반_20141575_임형석\gososil4\debug\vc140.idb
c:\users\민정\desktop\[고소실_4주차실습]1반_20141575_임형석\gososil4\debug\main.obj
c:\users\민정\desktop\[고소실_4주차실습]1반_20141575_임형석\gososil4\debug\program1_1.obj
c:\users\민정\desktop\[고소실_4주차실습]1반_20141575_임형석\gososil4\debug\program1_2.obj
c:\users\민정\desktop\[고소실_4주차실습]1반_20141575_임형석\gososil4\debug\program1_3.obj
c:\users\민정\desktop\[고소실_4주차실습]1반_20141575_임형석\gososil4\debug\function.obj
c:\users\민정\desktop\[고소실_4주차과제]1반_20141575_임형석\gososil4\debug\vc140.pdb
c:\users\민정\desktop\[고소실_4주차과제]1반_20141575_임형석\gososil4\debug\vc140.idb
c:\users\민정\desktop\[고소실_4주차과제]1반_20141575_임형석\gososil4\debug\function.obj
c:\users\민정\desktop\[고소실_4주차과제]1반_20141575_임형석\gososil4\debug\main.obj
c:\users\민정\desktop\[고소실_4주차과제]1반_20141575_임형석\gososil4\debug\program1_1.obj
c:\users\민정\desktop\[고소실_4주차과제]1반_20141575_임형석\gososil4\debug\program1_2.obj
c:\users\민정\desktop\[고소실_4주차과제]1반_20141575_임형석\gososil4\debug\program1_3.obj
c:\users\민정\desktop\[고소실_4주차실습]1반_20141575_임형석\debug\gososil4.ilk
c:\users\민정\desktop\[고소실_4주차실습]1반_20141575_임형석\debug\gososil4.exe
c:\users\민정\desktop\[고소실_4주차실습]1반_20141575_임형석\debug\gososil4.pdb
c:\users\민정\desktop\[고소실_4주차과제]1반_20141575_임형석\debug\gososil4.ilk
c:\users\민정\desktop\[고소실_4주차과제]1반_20141575_임형석\debug\gososil4.exe
c:\users\민정\desktop\[고소실_4주차과제]1반_20141575_임형석\debug\gososil4.pdb
c:\users\민정\desktop\[고소실_4주차과제]1반_20141575_임형석\gososil4\debug\gososil4.tlog\cl.command.1.tlog
c:\users\민정\desktop\[고소실_4주차과제]1반_20141575_임형석\gososil4\debug\gososil4.tlog\cl.read.1.tlog
c:\users\민정\desktop\[고소실_4주차과제]1반_20141575_임형석\gososil4\debug\gososil4.tlog\cl.write.1.tlog
c:\users\민정\desktop\[고소실_4주차과제]1반_20141575_임형석\gososil4\debug\gososil4.tlog\link.command.1.tlog
c:\users\민정\desktop\[고소실_4주차과제]1반_20141575_임형석\gososil4\debug\gososil4.tlog\link.read.1.tlog
c:\users\민정\desktop\[고소실_4주차과제]1반_20141575_임형석\gososil4\debug\gososil4.tlog\link.write.1.tlog
