C:\USERS\CSPCLAB\DESKTOP\2016GOSODIL6실습_과제\GOSOSIL6\DEBUG\MAIN.OBJ
C:\USERS\CSPCLAB\DESKTOP\2016GOSODIL6실습_과제\GOSOSIL6\DEBUG\PROGRAM3_1.OBJ
C:\USERS\CSPCLAB\DESKTOP\2016GOSODIL6실습_과제\GOSOSIL6\DEBUG\PROGRAM3_1_1.OBJ
C:\USERS\CSPCLAB\DESKTOP\2016GOSODIL6실습_과제\GOSOSIL6\DEBUG\PROGRAM3_2.OBJ
C:\USERS\CSPCLAB\DESKTOP\2016GOSODIL6실습_과제\GOSOSIL6\DEBUG\PROGRAM3_3.OBJ
C:\USERS\CSPCLAB\DESKTOP\2016GOSODIL6실습_과제\GOSOSIL6\DEBUG\PROGRAM3_4.OBJ
C:\USERS\CSPCLAB\DESKTOP\2016GOSODIL6실습_과제\GOSOSIL6\DEBUG\PROGRAM3_4_1.OBJ
C:\USERS\CSPCLAB\DESKTOP\2016GOSODIL6실습_과제\GOSOSIL6\DEBUG\PROGRAM3_5.OBJ
C:\USERS\CSPCLAB\DESKTOP\2016GOSODIL6실습_과제\GOSOSIL6\DEBUG\VC110.PDB
C:\USERS\CSPCLAB\DESKTOP\2016GOSODIL6실습_과제\DEBUG\GOSOSIL6.ILK
C:\USERS\CSPCLAB\DESKTOP\2016GOSODIL6실습_과제\DEBUG\GOSOSIL6.EXE
C:\USERS\CSPCLAB\DESKTOP\2016GOSODIL6실습_과제\DEBUG\GOSOSIL6.PDB
C:\Users\cspclab\Desktop\2016gosodil6실습_과제\gososil6\Debug\main.obj
C:\Users\cspclab\Desktop\2016gosodil6실습_과제\gososil6\Debug\program3_1.obj
C:\Users\cspclab\Desktop\2016gosodil6실습_과제\gososil6\Debug\program3_1_1.obj
C:\Users\cspclab\Desktop\2016gosodil6실습_과제\gososil6\Debug\program3_2.obj
C:\Users\cspclab\Desktop\2016gosodil6실습_과제\gososil6\Debug\program3_3.obj
C:\Users\cspclab\Desktop\2016gosodil6실습_과제\gososil6\Debug\program3_4.obj
C:\Users\cspclab\Desktop\2016gosodil6실습_과제\gososil6\Debug\program3_4_1.obj
C:\Users\cspclab\Desktop\2016gosodil6실습_과제\gososil6\Debug\program3_5.obj
C:\Users\cspclab\Desktop\2016gosodil6실습_과제\gososil6\Debug\program3_6.obj
C:\Users\cspclab\Desktop\2016gosodil6실습_과제\gososil6\Debug\program3_7.obj
C:\Users\cspclab\Desktop\2016gosodil6실습_과제\gososil6\Debug\test.obj
C:\Users\cspclab\Desktop\2016gosodil6실습_과제\gososil6\Debug\cl.command.1.tlog
C:\Users\cspclab\Desktop\2016gosodil6실습_과제\gososil6\Debug\CL.read.1.tlog
C:\Users\cspclab\Desktop\2016gosodil6실습_과제\gososil6\Debug\CL.write.1.tlog
C:\Users\cspclab\Desktop\2016gosodil6실습_과제\gososil6\Debug\link-cvtres.read.1.tlog
C:\Users\cspclab\Desktop\2016gosodil6실습_과제\gososil6\Debug\link-cvtres.write.1.tlog
C:\Users\cspclab\Desktop\2016gosodil6실습_과제\gososil6\Debug\link-rc.read.1.tlog
C:\Users\cspclab\Desktop\2016gosodil6실습_과제\gososil6\Debug\link-rc.write.1.tlog
C:\Users\cspclab\Desktop\2016gosodil6실습_과제\gososil6\Debug\link.2164-cvtres.read.1.tlog
C:\Users\cspclab\Desktop\2016gosodil6실습_과제\gososil6\Debug\link.2164-cvtres.write.1.tlog
C:\Users\cspclab\Desktop\2016gosodil6실습_과제\gososil6\Debug\link.2164-rc.read.1.tlog
C:\Users\cspclab\Desktop\2016gosodil6실습_과제\gososil6\Debug\link.2164-rc.write.1.tlog
C:\Users\cspclab\Desktop\2016gosodil6실습_과제\gososil6\Debug\link.2164.read.1.tlog
C:\Users\cspclab\Desktop\2016gosodil6실습_과제\gososil6\Debug\link.2164.write.1.tlog
C:\Users\cspclab\Desktop\2016gosodil6실습_과제\gososil6\Debug\link.2800-cvtres.read.1.tlog
C:\Users\cspclab\Desktop\2016gosodil6실습_과제\gososil6\Debug\link.2800-cvtres.write.1.tlog
C:\Users\cspclab\Desktop\2016gosodil6실습_과제\gososil6\Debug\link.2800-rc.read.1.tlog
C:\Users\cspclab\Desktop\2016gosodil6실습_과제\gososil6\Debug\link.2800-rc.write.1.tlog
C:\Users\cspclab\Desktop\2016gosodil6실습_과제\gososil6\Debug\link.2800.read.1.tlog
C:\Users\cspclab\Desktop\2016gosodil6실습_과제\gososil6\Debug\link.2800.write.1.tlog
C:\Users\cspclab\Desktop\2016gosodil6실습_과제\gososil6\Debug\link.5136-cvtres.read.1.tlog
C:\Users\cspclab\Desktop\2016gosodil6실습_과제\gososil6\Debug\link.5136-cvtres.write.1.tlog
C:\Users\cspclab\Desktop\2016gosodil6실습_과제\gososil6\Debug\link.5136-rc.read.1.tlog
C:\Users\cspclab\Desktop\2016gosodil6실습_과제\gososil6\Debug\link.5136-rc.write.1.tlog
C:\Users\cspclab\Desktop\2016gosodil6실습_과제\gososil6\Debug\link.5136.read.1.tlog
C:\Users\cspclab\Desktop\2016gosodil6실습_과제\gososil6\Debug\link.5136.write.1.tlog
C:\Users\cspclab\Desktop\2016gosodil6실습_과제\gososil6\Debug\link.608-cvtres.read.1.tlog
C:\Users\cspclab\Desktop\2016gosodil6실습_과제\gososil6\Debug\link.608-cvtres.write.1.tlog
C:\Users\cspclab\Desktop\2016gosodil6실습_과제\gososil6\Debug\link.608-rc.read.1.tlog
C:\Users\cspclab\Desktop\2016gosodil6실습_과제\gososil6\Debug\link.608-rc.write.1.tlog
C:\Users\cspclab\Desktop\2016gosodil6실습_과제\gososil6\Debug\link.608.read.1.tlog
C:\Users\cspclab\Desktop\2016gosodil6실습_과제\gososil6\Debug\link.608.write.1.tlog
C:\Users\cspclab\Desktop\2016gosodil6실습_과제\gososil6\Debug\link.7872-cvtres.read.1.tlog
C:\Users\cspclab\Desktop\2016gosodil6실습_과제\gososil6\Debug\link.7872-cvtres.write.1.tlog
C:\Users\cspclab\Desktop\2016gosodil6실습_과제\gososil6\Debug\link.7872-rc.read.1.tlog
C:\Users\cspclab\Desktop\2016gosodil6실습_과제\gososil6\Debug\link.7872-rc.write.1.tlog
C:\Users\cspclab\Desktop\2016gosodil6실습_과제\gososil6\Debug\link.7872.read.1.tlog
C:\Users\cspclab\Desktop\2016gosodil6실습_과제\gososil6\Debug\link.7872.write.1.tlog
C:\Users\cspclab\Desktop\2016gosodil6실습_과제\gososil6\Debug\link.command.1.tlog
C:\Users\cspclab\Desktop\2016gosodil6실습_과제\gososil6\Debug\link.read.1.tlog
C:\Users\cspclab\Desktop\2016gosodil6실습_과제\gososil6\Debug\link.write.1.tlog
C:\Users\cspclab\Desktop\2016gosodil6실습_과제\gososil6\Debug\vc110.idb
C:\Users\cspclab\Desktop\2016gosodil6실습_과제\gososil6\Debug\vc120.idb
C:\Users\cspclab\Desktop\2016gosodil6실습_과제\gososil6\Debug\vc110.pdb
C:\Users\cspclab\Desktop\2016gosodil6실습_과제\gososil6\Debug\vc120.pdb
C:\Users\cspclab\Desktop\2016gosodil6실습_과제\Debug\gososil6.pdb
C:\Users\cspclab\Desktop\2016gosodil6실습_과제\Debug\gososil6.exe
C:\Users\cspclab\Desktop\2016gosodil6실습_과제\Debug\gososil6.ilk
