C:\USERS\CSPCLAB\DESKTOP\GOSOSIL4-학생\GOSOSIL4\DEBUG\FUNCTION.OBJ
C:\USERS\CSPCLAB\DESKTOP\GOSOSIL4-학생\GOSOSIL4\DEBUG\MAIN.OBJ
C:\USERS\CSPCLAB\DESKTOP\GOSOSIL4-학생\GOSOSIL4\DEBUG\PROGRAM1_1.OBJ
C:\USERS\CSPCLAB\DESKTOP\GOSOSIL4-학생\GOSOSIL4\DEBUG\PROGRAM1_2.OBJ
C:\USERS\CSPCLAB\DESKTOP\GOSOSIL4-학생\GOSOSIL4\DEBUG\PROGRAM1_3.OBJ
C:\USERS\CSPCLAB\DESKTOP\GOSOSIL4-학생\GOSOSIL4\DEBUG\VC110.PDB
C:\USERS\CSPCLAB\DESKTOP\GOSOSIL4-학생\DEBUG\GOSOSIL4.ILK
C:\USERS\CSPCLAB\DESKTOP\GOSOSIL4-학생\DEBUG\GOSOSIL4.EXE
C:\USERS\CSPCLAB\DESKTOP\GOSOSIL4-학생\DEBUG\GOSOSIL4.PDB
C:\Users\cspclab\Desktop\gososil4-학생\gososil4\Debug\function.obj
C:\Users\cspclab\Desktop\gososil4-학생\gososil4\Debug\main.obj
C:\Users\cspclab\Desktop\gososil4-학생\gososil4\Debug\program1_1.obj
C:\Users\cspclab\Desktop\gososil4-학생\gososil4\Debug\program1_2.obj
C:\Users\cspclab\Desktop\gososil4-학생\gososil4\Debug\program1_3.obj
C:\Users\cspclab\Desktop\gososil4-학생\gososil4\Debug\cl.command.1.tlog
C:\Users\cspclab\Desktop\gososil4-학생\gososil4\Debug\CL.read.1.tlog
C:\Users\cspclab\Desktop\gososil4-학생\gososil4\Debug\CL.write.1.tlog
C:\Users\cspclab\Desktop\gososil4-학생\gososil4\Debug\link-cvtres.read.1.tlog
C:\Users\cspclab\Desktop\gososil4-학생\gososil4\Debug\link-cvtres.write.1.tlog
C:\Users\cspclab\Desktop\gososil4-학생\gososil4\Debug\link-rc.read.1.tlog
C:\Users\cspclab\Desktop\gososil4-학생\gososil4\Debug\link-rc.write.1.tlog
C:\Users\cspclab\Desktop\gososil4-학생\gososil4\Debug\link.command.1.tlog
C:\Users\cspclab\Desktop\gososil4-학생\gososil4\Debug\link.read.1.tlog
C:\Users\cspclab\Desktop\gososil4-학생\gososil4\Debug\link.write.1.tlog
C:\Users\cspclab\Desktop\gososil4-학생\gososil4\Debug\vc110.idb
C:\Users\cspclab\Desktop\gososil4-학생\gososil4\Debug\vc110.pdb
C:\Users\cspclab\Desktop\gososil4-학생\Debug\gososil4.pdb
C:\Users\cspclab\Desktop\gososil4-학생\Debug\gososil4.exe
C:\Users\cspclab\Desktop\gososil4-학생\Debug\gososil4.ilk
