C:\USERS\CSPCLAB\DESKTOP\CUDA20141575\CUDA20141575\X64\RELEASE\NORMALIZEDVALUEGEN.OBJ
C:\USERS\CSPCLAB\DESKTOP\CUDA20141575\CUDA20141575\X64\RELEASE\VC110.PDB
C:\USERS\CSPCLAB\DESKTOP\CUDA20141575\X64\RELEASE\CUDA20141575.EXE
C:\USERS\CSPCLAB\DESKTOP\CUDA20141575\X64\RELEASE\CUDA20141575.PDB
C:\Users\cspclab\Desktop\CUDA20141575\CUDA20141575\x64\Release\kernel.cu.cache
C:\Users\cspclab\Desktop\CUDA20141575\CUDA20141575\x64\Release\kernel.cu.obj
C:\Users\cspclab\Desktop\CUDA20141575\CUDA20141575\x64\Release\NormalizedValueGen.obj
C:\Users\cspclab\Desktop\CUDA20141575\CUDA20141575\x64\Release\cl.command.1.tlog
C:\Users\cspclab\Desktop\CUDA20141575\CUDA20141575\x64\Release\CL.read.1.tlog
C:\Users\cspclab\Desktop\CUDA20141575\CUDA20141575\x64\Release\CL.write.1.tlog
C:\Users\cspclab\Desktop\CUDA20141575\CUDA20141575\x64\Release\link-cvtres.read.1.tlog
C:\Users\cspclab\Desktop\CUDA20141575\CUDA20141575\x64\Release\link-cvtres.write.1.tlog
C:\Users\cspclab\Desktop\CUDA20141575\CUDA20141575\x64\Release\link-rc.read.1.tlog
C:\Users\cspclab\Desktop\CUDA20141575\CUDA20141575\x64\Release\link-rc.write.1.tlog
C:\Users\cspclab\Desktop\CUDA20141575\CUDA20141575\x64\Release\link.command.1.tlog
C:\Users\cspclab\Desktop\CUDA20141575\CUDA20141575\x64\Release\link.read.1.tlog
C:\Users\cspclab\Desktop\CUDA20141575\CUDA20141575\x64\Release\link.write.1.tlog
C:\Users\cspclab\Desktop\CUDA20141575\CUDA20141575\x64\Release\vc110.pdb
C:\Users\cspclab\Desktop\CUDA20141575\x64\Release\CUDA20141575.pdb
C:\Users\cspclab\Desktop\CUDA20141575\x64\Release\CUDA20141575.exe
