C:\USERS\CSPCLAB\DESKTOP\FILTERING\DEBUG\FILTERING.EXE
C:\USERS\CSPCLAB\DESKTOP\FILTERING\DEBUG\FILTERING.ILK
C:\USERS\CSPCLAB\DESKTOP\FILTERING\DEBUG\FILTERING.PDB
C:\Users\cspclab\Desktop\filtering\Filtering\Debug\cl.command.1.tlog
C:\Users\cspclab\Desktop\filtering\Filtering\Debug\CL.read.1.tlog
C:\Users\cspclab\Desktop\filtering\Filtering\Debug\CL.write.1.tlog
C:\USERS\CSPCLAB\DESKTOP\FILTERING\FILTERING\DEBUG\FILTERING.EXE.EMBED.MANIFEST
C:\USERS\CSPCLAB\DESKTOP\FILTERING\FILTERING\DEBUG\FILTERING.EXE.EMBED.MANIFEST.RES
C:\USERS\CSPCLAB\DESKTOP\FILTERING\FILTERING\DEBUG\FILTERING.EXE.INTERMEDIATE.MANIFEST
C:\USERS\CSPCLAB\DESKTOP\FILTERING\FILTERING\DEBUG\FILTERING.OBJ
C:\USERS\CSPCLAB\DESKTOP\FILTERING\FILTERING\DEBUG\FILTERING.PCH
C:\USERS\CSPCLAB\DESKTOP\FILTERING\FILTERING\DEBUG\FILTERING.RES
C:\Users\cspclab\Desktop\filtering\Filtering\Debug\Filtering.vcxprojResolveAssemblyReference.cache
C:\Users\cspclab\Desktop\filtering\Filtering\Debug\Filtering.write.1.tlog
C:\Users\cspclab\Desktop\filtering\Filtering\Debug\Filtering_manifest.rc
C:\USERS\CSPCLAB\DESKTOP\FILTERING\FILTERING\DEBUG\FILTERINGDOC.OBJ
C:\USERS\CSPCLAB\DESKTOP\FILTERING\FILTERING\DEBUG\FILTERINGVIEW.OBJ
C:\Users\cspclab\Desktop\filtering\Filtering\Debug\link.2216.read.1.tlog
C:\Users\cspclab\Desktop\filtering\Filtering\Debug\link.2216.write.1.tlog
C:\Users\cspclab\Desktop\filtering\Filtering\Debug\link.2216-cvtres.read.1.tlog
C:\Users\cspclab\Desktop\filtering\Filtering\Debug\link.2216-cvtres.write.1.tlog
C:\Users\cspclab\Desktop\filtering\Filtering\Debug\link.3356.read.1.tlog
C:\Users\cspclab\Desktop\filtering\Filtering\Debug\link.3356.write.1.tlog
C:\Users\cspclab\Desktop\filtering\Filtering\Debug\link.3356-cvtres.read.1.tlog
C:\Users\cspclab\Desktop\filtering\Filtering\Debug\link.3356-cvtres.write.1.tlog
C:\Users\cspclab\Desktop\filtering\Filtering\Debug\link.4296.read.1.tlog
C:\Users\cspclab\Desktop\filtering\Filtering\Debug\link.4296.write.1.tlog
C:\Users\cspclab\Desktop\filtering\Filtering\Debug\link.4296-cvtres.read.1.tlog
C:\Users\cspclab\Desktop\filtering\Filtering\Debug\link.4296-cvtres.write.1.tlog
C:\Users\cspclab\Desktop\filtering\Filtering\Debug\link.command.1.tlog
C:\Users\cspclab\Desktop\filtering\Filtering\Debug\link.read.1.tlog
C:\Users\cspclab\Desktop\filtering\Filtering\Debug\link.write.1.tlog
C:\Users\cspclab\Desktop\filtering\Filtering\Debug\link-cvtres.read.1.tlog
C:\Users\cspclab\Desktop\filtering\Filtering\Debug\link-cvtres.write.1.tlog
C:\USERS\CSPCLAB\DESKTOP\FILTERING\FILTERING\DEBUG\MAINFRM.OBJ
C:\Users\cspclab\Desktop\filtering\Filtering\Debug\mt.command.1.tlog
C:\Users\cspclab\Desktop\filtering\Filtering\Debug\mt.read.1.tlog
C:\Users\cspclab\Desktop\filtering\Filtering\Debug\mt.write.1.tlog
C:\Users\cspclab\Desktop\filtering\Filtering\Debug\rc.command.1.tlog
C:\Users\cspclab\Desktop\filtering\Filtering\Debug\rc.read.1.tlog
C:\Users\cspclab\Desktop\filtering\Filtering\Debug\rc.write.1.tlog
C:\USERS\CSPCLAB\DESKTOP\FILTERING\FILTERING\DEBUG\STDAFX.OBJ
C:\Users\cspclab\Desktop\filtering\Filtering\Debug\vc100.idb
C:\USERS\CSPCLAB\DESKTOP\FILTERING\FILTERING\DEBUG\VC100.PDB
