C:\USERS\CSPCLAB\DESKTOP\GOSOSIL5-학생용\DEBUG\GOSOSIL5.EXE
C:\USERS\CSPCLAB\DESKTOP\GOSOSIL5-학생용\DEBUG\GOSOSIL5.ILK
C:\USERS\CSPCLAB\DESKTOP\GOSOSIL5-학생용\DEBUG\GOSOSIL5.PDB
C:\Users\cspclab\Desktop\gososil5-학생용\gososil5\Debug\cl.command.1.tlog
C:\Users\cspclab\Desktop\gososil5-학생용\gososil5\Debug\CL.read.1.tlog
C:\Users\cspclab\Desktop\gososil5-학생용\gososil5\Debug\CL.write.1.tlog
C:\USERS\CSPCLAB\DESKTOP\GOSOSIL5-학생용\GOSOSIL5\DEBUG\GOSOSIL5.EXE.EMBED.MANIFEST
C:\USERS\CSPCLAB\DESKTOP\GOSOSIL5-학생용\GOSOSIL5\DEBUG\GOSOSIL5.EXE.EMBED.MANIFEST.RES
C:\USERS\CSPCLAB\DESKTOP\GOSOSIL5-학생용\GOSOSIL5\DEBUG\GOSOSIL5.EXE.INTERMEDIATE.MANIFEST
C:\Users\cspclab\Desktop\gososil5-학생용\gososil5\Debug\gososil5.vcxprojResolveAssemblyReference.cache
C:\Users\cspclab\Desktop\gososil5-학생용\gososil5\Debug\gososil5.write.1.tlog
C:\Users\cspclab\Desktop\gososil5-학생용\gososil5\Debug\gososil5_manifest.rc
C:\Users\cspclab\Desktop\gososil5-학생용\gososil5\Debug\link.1124.read.1.tlog
C:\Users\cspclab\Desktop\gososil5-학생용\gososil5\Debug\link.1124.write.1.tlog
C:\Users\cspclab\Desktop\gososil5-학생용\gososil5\Debug\link.1124-cvtres.read.1.tlog
C:\Users\cspclab\Desktop\gososil5-학생용\gososil5\Debug\link.1124-cvtres.write.1.tlog
C:\Users\cspclab\Desktop\gososil5-학생용\gososil5\Debug\link.1164.read.1.tlog
C:\Users\cspclab\Desktop\gososil5-학생용\gososil5\Debug\link.1164.write.1.tlog
C:\Users\cspclab\Desktop\gososil5-학생용\gososil5\Debug\link.1164-cvtres.read.1.tlog
C:\Users\cspclab\Desktop\gososil5-학생용\gososil5\Debug\link.1164-cvtres.write.1.tlog
C:\Users\cspclab\Desktop\gososil5-학생용\gososil5\Debug\link.1492.read.1.tlog
C:\Users\cspclab\Desktop\gososil5-학생용\gososil5\Debug\link.1492.write.1.tlog
C:\Users\cspclab\Desktop\gososil5-학생용\gososil5\Debug\link.1492-cvtres.read.1.tlog
C:\Users\cspclab\Desktop\gososil5-학생용\gososil5\Debug\link.1492-cvtres.write.1.tlog
C:\Users\cspclab\Desktop\gososil5-학생용\gososil5\Debug\link.2332.read.1.tlog
C:\Users\cspclab\Desktop\gososil5-학생용\gososil5\Debug\link.2332.write.1.tlog
C:\Users\cspclab\Desktop\gososil5-학생용\gososil5\Debug\link.2332-cvtres.read.1.tlog
C:\Users\cspclab\Desktop\gososil5-학생용\gososil5\Debug\link.2332-cvtres.write.1.tlog
C:\Users\cspclab\Desktop\gososil5-학생용\gososil5\Debug\link.2564.read.1.tlog
C:\Users\cspclab\Desktop\gososil5-학생용\gososil5\Debug\link.2564.write.1.tlog
C:\Users\cspclab\Desktop\gososil5-학생용\gososil5\Debug\link.2564-cvtres.read.1.tlog
C:\Users\cspclab\Desktop\gososil5-학생용\gososil5\Debug\link.2564-cvtres.write.1.tlog
C:\Users\cspclab\Desktop\gososil5-학생용\gososil5\Debug\link.3116.read.1.tlog
C:\Users\cspclab\Desktop\gososil5-학생용\gososil5\Debug\link.3116.write.1.tlog
C:\Users\cspclab\Desktop\gososil5-학생용\gososil5\Debug\link.3116-cvtres.read.1.tlog
C:\Users\cspclab\Desktop\gososil5-학생용\gososil5\Debug\link.3116-cvtres.write.1.tlog
C:\Users\cspclab\Desktop\gososil5-학생용\gososil5\Debug\link.3840.read.1.tlog
C:\Users\cspclab\Desktop\gososil5-학생용\gososil5\Debug\link.3840.write.1.tlog
C:\Users\cspclab\Desktop\gososil5-학생용\gososil5\Debug\link.3840-cvtres.read.1.tlog
C:\Users\cspclab\Desktop\gososil5-학생용\gososil5\Debug\link.3840-cvtres.write.1.tlog
C:\Users\cspclab\Desktop\gososil5-학생용\gososil5\Debug\link.4132.read.1.tlog
C:\Users\cspclab\Desktop\gososil5-학생용\gososil5\Debug\link.4132.write.1.tlog
C:\Users\cspclab\Desktop\gososil5-학생용\gososil5\Debug\link.4132-cvtres.read.1.tlog
C:\Users\cspclab\Desktop\gososil5-학생용\gososil5\Debug\link.4132-cvtres.write.1.tlog
C:\Users\cspclab\Desktop\gososil5-학생용\gososil5\Debug\link.4152.read.1.tlog
C:\Users\cspclab\Desktop\gososil5-학생용\gososil5\Debug\link.4152.write.1.tlog
C:\Users\cspclab\Desktop\gososil5-학생용\gososil5\Debug\link.4152-cvtres.read.1.tlog
C:\Users\cspclab\Desktop\gososil5-학생용\gososil5\Debug\link.4152-cvtres.write.1.tlog
C:\Users\cspclab\Desktop\gososil5-학생용\gososil5\Debug\link.4308.read.1.tlog
C:\Users\cspclab\Desktop\gososil5-학생용\gososil5\Debug\link.4308.write.1.tlog
C:\Users\cspclab\Desktop\gososil5-학생용\gososil5\Debug\link.4308-cvtres.read.1.tlog
C:\Users\cspclab\Desktop\gososil5-학생용\gososil5\Debug\link.4308-cvtres.write.1.tlog
C:\Users\cspclab\Desktop\gososil5-학생용\gososil5\Debug\link.4380.read.1.tlog
C:\Users\cspclab\Desktop\gososil5-학생용\gososil5\Debug\link.4380.write.1.tlog
C:\Users\cspclab\Desktop\gososil5-학생용\gososil5\Debug\link.4380-cvtres.read.1.tlog
C:\Users\cspclab\Desktop\gososil5-학생용\gososil5\Debug\link.4380-cvtres.write.1.tlog
C:\Users\cspclab\Desktop\gososil5-학생용\gososil5\Debug\link.4580.read.1.tlog
C:\Users\cspclab\Desktop\gososil5-학생용\gososil5\Debug\link.4580.write.1.tlog
C:\Users\cspclab\Desktop\gososil5-학생용\gososil5\Debug\link.4580-cvtres.read.1.tlog
C:\Users\cspclab\Desktop\gososil5-학생용\gososil5\Debug\link.4580-cvtres.write.1.tlog
C:\Users\cspclab\Desktop\gososil5-학생용\gososil5\Debug\link.4608.read.1.tlog
C:\Users\cspclab\Desktop\gososil5-학생용\gososil5\Debug\link.4608.write.1.tlog
C:\Users\cspclab\Desktop\gososil5-학생용\gososil5\Debug\link.4608-cvtres.read.1.tlog
C:\Users\cspclab\Desktop\gososil5-학생용\gososil5\Debug\link.4608-cvtres.write.1.tlog
C:\Users\cspclab\Desktop\gososil5-학생용\gososil5\Debug\link.4640.read.1.tlog
C:\Users\cspclab\Desktop\gososil5-학생용\gososil5\Debug\link.4640.write.1.tlog
C:\Users\cspclab\Desktop\gososil5-학생용\gososil5\Debug\link.4640-cvtres.read.1.tlog
C:\Users\cspclab\Desktop\gososil5-학생용\gososil5\Debug\link.4640-cvtres.write.1.tlog
C:\Users\cspclab\Desktop\gososil5-학생용\gososil5\Debug\link.command.1.tlog
C:\Users\cspclab\Desktop\gososil5-학생용\gososil5\Debug\link.read.1.tlog
C:\Users\cspclab\Desktop\gososil5-학생용\gososil5\Debug\link.write.1.tlog
C:\Users\cspclab\Desktop\gososil5-학생용\gososil5\Debug\link-cvtres.read.1.tlog
C:\Users\cspclab\Desktop\gososil5-학생용\gososil5\Debug\link-cvtres.write.1.tlog
C:\USERS\CSPCLAB\DESKTOP\GOSOSIL5-학생용\GOSOSIL5\DEBUG\MAIN.OBJ
C:\Users\cspclab\Desktop\gososil5-학생용\gososil5\Debug\mt.command.1.tlog
C:\Users\cspclab\Desktop\gososil5-학생용\gososil5\Debug\mt.read.1.tlog
C:\Users\cspclab\Desktop\gososil5-학생용\gososil5\Debug\mt.write.1.tlog
C:\USERS\CSPCLAB\DESKTOP\GOSOSIL5-학생용\GOSOSIL5\DEBUG\PROGRAM2_1.OBJ
C:\USERS\CSPCLAB\DESKTOP\GOSOSIL5-학생용\GOSOSIL5\DEBUG\PROGRAM2_2.OBJ
C:\USERS\CSPCLAB\DESKTOP\GOSOSIL5-학생용\GOSOSIL5\DEBUG\PROGRAM2_3.OBJ
C:\Users\cspclab\Desktop\gososil5-학생용\gososil5\Debug\rc.command.1.tlog
C:\Users\cspclab\Desktop\gososil5-학생용\gososil5\Debug\rc.read.1.tlog
C:\Users\cspclab\Desktop\gososil5-학생용\gososil5\Debug\rc.write.1.tlog
C:\Users\cspclab\Desktop\gososil5-학생용\gososil5\Debug\vc100.idb
C:\USERS\CSPCLAB\DESKTOP\GOSOSIL5-학생용\GOSOSIL5\DEBUG\VC100.PDB
C:\Users\cspclab\Desktop\gososil5-학생용\gososil5\Debug\vc120.idb
C:\Users\cspclab\Desktop\gososil5-학생용\gososil5\Debug\vc120.pdb
